<?xml version="1.0" encoding="UTF-8"?>
<coverage generated="1741423059998" clover="3.2.0">
  <project timestamp="1741423059999" name="All files">
    <metrics statements="9" coveredstatements="1" conditionals="0" coveredconditionals="0" methods="4" coveredmethods="1" elements="13" coveredelements="2" complexity="0" loc="9" ncloc="9" packages="1" files="3" classes="3"/>
    <file name="counter.js" path="C:/Users/Husnul Hamidi/Herd/vitest-project/src/counter.js">
      <metrics statements="6" coveredstatements="0" conditionals="0" coveredconditionals="0" methods="3" coveredmethods="0"/>
      <line num="2" count="0" type="stmt"/>
      <line num="3" count="0" type="stmt"/>
      <line num="4" count="0" type="stmt"/>
      <line num="5" count="0" type="stmt"/>
      <line num="7" count="0" type="stmt"/>
      <line num="8" count="0" type="stmt"/>
    </file>
    <file name="main.js" path="C:/Users/Husnul Hamidi/Herd/vitest-project/src/main.js">
      <metrics statements="2" coveredstatements="0" conditionals="0" coveredconditionals="0" methods="0" coveredmethods="0"/>
      <line num="6" count="0" type="stmt"/>
      <line num="24" count="0" type="stmt"/>
    </file>
    <file name="say-hello.ts" path="C:/Users/Husnul Hamidi/Herd/vitest-project/src/say-hello.ts">
      <metrics statements="1" coveredstatements="1" conditionals="0" coveredconditionals="0" methods="1" coveredmethods="1"/>
      <line num="2" count="1" type="stmt"/>
    </file>
  </project>
</coverage>
