{"C:/Users/Husnul Hamidi/Herd/vitest-project/src/counter.js": {"path":"C:/Users/Husnul Hamidi/Herd/vitest-project/src/counter.js","statementMap":{"0":{"start":{"line":2,"column":16},"end":{"line":2,"column":null}},"1":{"start":{"line":3,"column":21},"end":{"line":6,"column":null}},"2":{"start":{"line":4,"column":4},"end":{"line":4,"column":null}},"3":{"start":{"line":5,"column":4},"end":{"line":5,"column":null}},"4":{"start":{"line":7,"column":2},"end":{"line":7,"column":null}},"5":{"start":{"line":7,"column":42},"end":{"line":7,"column":65}},"6":{"start":{"line":8,"column":2},"end":{"line":8,"column":null}}},"fnMap":{"0":{"name":"setupCounter","decl":{"start":{"line":1,"column":16},"end":{"line":1,"column":28}},"loc":{"start":{"line":1,"column":38},"end":{"line":9,"column":null}}},"1":{"name":"(anonymous_1)","decl":{"start":{"line":3,"column":21},"end":{"line":3,"column":22}},"loc":{"start":{"line":3,"column":32},"end":{"line":6,"column":null}}},"2":{"name":"(anonymous_2)","decl":{"start":{"line":7,"column":36},"end":{"line":7,"column":37}},"loc":{"start":{"line":7,"column":42},"end":{"line":7,"column":65}}}},"branchMap":{},"s":{"0":0,"1":0,"2":0,"3":0,"4":0,"5":0,"6":0},"f":{"0":0,"1":0,"2":0},"b":{}}
,"C:/Users/Husnul Hamidi/Herd/vitest-project/src/main.js": {"path":"C:/Users/Husnul Hamidi/Herd/vitest-project/src/main.js","statementMap":{"0":{"start":{"line":6,"column":0},"end":{"line":22,"column":null}},"1":{"start":{"line":24,"column":0},"end":{"line":24,"column":null}}},"fnMap":{},"branchMap":{},"s":{"0":0,"1":0},"f":{},"b":{}}
,"C:/Users/Husnul Hamidi/Herd/vitest-project/src/say-hello.ts": {"path":"C:/Users/Husnul Hamidi/Herd/vitest-project/src/say-hello.ts","statementMap":{"0":{"start":{"line":2,"column":4},"end":{"line":2,"column":null}}},"fnMap":{"0":{"name":"sayHello","decl":{"start":{"line":1,"column":16},"end":{"line":1,"column":25}},"loc":{"start":{"line":1,"column":47},"end":{"line":3,"column":null}}}},"branchMap":{},"s":{"0":1},"f":{"0":1},"b":{}}
}
